\BOOKMARK [0][-]{chapter.1}{Introducci\363n a las EDs}{}% 1
\BOOKMARK [1][-]{section.1.1}{Introducci\363n a las ecuaciones diferenciales}{chapter.1}% 2
\BOOKMARK [2][-]{subsection.1.1.1}{Definiciones}{section.1.1}% 3
\BOOKMARK [2][-]{subsection.1.1.2}{Orden de una ED}{section.1.1}% 4
\BOOKMARK [2][-]{subsection.1.1.3}{Ejercicios}{section.1.1}% 5
\BOOKMARK [2][-]{subsection.1.1.4}{Notaciones}{section.1.1}% 6
\BOOKMARK [2][-]{subsection.1.1.5}{Forma de una ED}{section.1.1}% 7
\BOOKMARK [2][-]{subsection.1.1.6}{Soluci\363n de una ED}{section.1.1}% 8
\BOOKMARK [2][-]{subsection.1.1.7}{Ejercicio 2}{section.1.1}% 9
\BOOKMARK [2][-]{subsection.1.1.8}{Soluciones triviales}{section.1.1}% 10
\BOOKMARK [2][-]{subsection.1.1.9}{Infinitas soluciones}{section.1.1}% 11
\BOOKMARK [2][-]{subsection.1.1.10}{2 tipos de soluciones para una ED}{section.1.1}% 12
\BOOKMARK [2][-]{subsection.1.1.11}{Ejemplo}{section.1.1}% 13
\BOOKMARK [2][-]{subsection.1.1.12}{Hay una correlaci\363n directa entre el orden de la ED y el n\372mero de constantes arbitrarias que resultan de la integraci\363n}{section.1.1}% 14
\BOOKMARK [2][-]{subsection.1.1.13}{Resolver el siguiente ejercicio}{section.1.1}% 15
\BOOKMARK [0][-]{chapter.2}{Problemas de valor inicial}{}% 16
\BOOKMARK [1][-]{subsection.2.0.1}{Problema de valor inicial \(PVI\) de primer orden}{chapter.2}% 17
\BOOKMARK [2][-]{subsection.2.0.2}{PVI de 2do grado}{subsection.2.0.1}% 18
\BOOKMARK [2][-]{subsection.2.0.3}{Ejercicio 1: Encuentre la soluci\363n particular de las sigs EDs.}{subsection.2.0.1}% 19
\BOOKMARK [2][-]{subsection.2.0.4}{Resoluci\363n de una ED}{subsection.2.0.1}% 20
\BOOKMARK [2][-]{subsection.2.0.5}{\277Cu\341ndo un PVI tiene garantizada soluci\363n \372nica?}{subsection.2.0.1}% 21
\BOOKMARK [2][-]{subsection.2.0.6}{Ejercicios}{subsection.2.0.1}% 22
\BOOKMARK [2][-]{subsection.2.0.7}{ED separable de primer orden}{subsection.2.0.1}% 23
\BOOKMARK [2][-]{subsection.2.0.8}{Ejercicio 3}{subsection.2.0.1}% 24
